This is pdfTeXk, Version 3.141592-1.40.3 (Web2C 7.5.6) (format=latex 2008.4.10)  22 JAN 2009 17:33
entering extended mode
 Source specials enabled.
 %&-line parsing enabled.
**corr_analysis.tex
(./corr_analysis.tex
LaTeX2e <2005/12/01>
Babel <v3.8h> and hyphenation patterns for english, usenglishmax, dumylang, noh
yphenation, loaded.
(/usr/share/texmf-texlive/tex/latex/base/article.cls
Document Class: article 2005/09/16 v1.4f Standard LaTeX document class
(/usr/share/texmf-texlive/tex/latex/base/size12.clo
File: size12.clo 2005/09/16 v1.4f Standard LaTeX file (size option)
)
\c@part=\count79
\c@section=\count80
\c@subsection=\count81
\c@subsubsection=\count82
\c@paragraph=\count83
\c@subparagraph=\count84
\c@figure=\count85
\c@table=\count86
\abovecaptionskip=\skip41
\belowcaptionskip=\skip42
\bibindent=\dimen102
)
(/usr/share/texmf-texlive/tex/latex/geometry/geometry.sty
Package: geometry 2002/07/08 v3.2 Page Geometry

(/usr/share/texmf-texlive/tex/latex/graphics/keyval.sty
Package: keyval 1999/03/16 v1.13 key=value parser (DPC)
\KV@toks@=\toks14
)
\Gm@cnth=\count87
\Gm@cntv=\count88
\c@Gm@tempcnt=\count89
\Gm@bindingoffset=\dimen103
\Gm@wd@mp=\dimen104
\Gm@odd@mp=\dimen105
\Gm@even@mp=\dimen106
\Gm@dimlist=\toks15
)
(/usr/share/texmf-texlive/tex/latex/graphics/graphicx.sty
Package: graphicx 1999/02/16 v1.0f Enhanced LaTeX Graphics (DPC,SPQR)

(/usr/share/texmf-texlive/tex/latex/graphics/graphics.sty
Package: graphics 2006/02/20 v1.0o Standard LaTeX Graphics (DPC,SPQR)

(/usr/share/texmf-texlive/tex/latex/graphics/trig.sty
Package: trig 1999/03/16 v1.09 sin cos tan (DPC)
)
(/etc/texmf/tex/latex/config/graphics.cfg
File: graphics.cfg 2007/01/18 v1.5 graphics configuration of teTeX/TeXLive
)
Package graphics Info: Driver file: pdftex.def on input line 90.

(/usr/share/texmf-texlive/tex/latex/pdftex-def/pdftex.def
File: pdftex.def 2007/01/08 v0.04d Graphics/color for pdfTeX
\Gread@gobject=\count90
))
\Gin@req@height=\dimen107
\Gin@req@width=\dimen108
)
(/usr/share/texmf-texlive/tex/latex/tools/afterpage.sty
Package: afterpage 1995/10/27 v1.08 After-Page Package (DPC)
\AP@output=\toks16
\AP@partial=\box26
\AP@footins=\box27
) (./corr_analysis.aux)
\openout1 = `corr_analysis.aux'.

LaTeX Font Info:    Checking defaults for OML/cmm/m/it on input line 16.
LaTeX Font Info:    ... okay on input line 16.
LaTeX Font Info:    Checking defaults for T1/cmr/m/n on input line 16.
LaTeX Font Info:    ... okay on input line 16.
LaTeX Font Info:    Checking defaults for OT1/cmr/m/n on input line 16.
LaTeX Font Info:    ... okay on input line 16.
LaTeX Font Info:    Checking defaults for OMS/cmsy/m/n on input line 16.
LaTeX Font Info:    ... okay on input line 16.
LaTeX Font Info:    Checking defaults for OMX/cmex/m/n on input line 16.
LaTeX Font Info:    ... okay on input line 16.
LaTeX Font Info:    Checking defaults for U/cmr/m/n on input line 16.
LaTeX Font Info:    ... okay on input line 16.
-------------------- Geometry parameters
paper: letterpaper
landscape: true
twocolumn: --
twoside: --
asymmetric: --
h-parts: 119.2467pt, 0.7\paperwidth , 119.24672pt (default)
v-parts: 73.71613pt, 0.7\paperheight , 110.57425pt (default)
hmarginratio: 1:1
vmarginratio: 2:3
lines: --
heightrounded: --
bindingoffset: 0.0pt
truedimen: --
includehead: --
includefoot: --
includemp: --
driver: pdftex
-------------------- Page layout dimensions and switches
\paperwidth  794.96999pt
\paperheight 614.295pt
\textwidth  556.47656pt
\textheight 469.75499pt
\oddsidemargin  46.97672pt
\evensidemargin 46.97672pt
\topmargin  -35.55386pt
\headheight 12.0pt
\headsep    25.0pt
\footskip   30.0pt
\marginparwidth 44.0pt
\marginparsep   10.0pt
\columnsep  10.0pt
\skip\footins  10.8pt plus 4.0pt minus 2.0pt
\hoffset 0.0pt
\voffset 0.0pt
\mag 1000

(1in=72.27pt, 1cm=28.45pt)
-----------------------
LaTeX Font Info:    External font `cmex10' loaded for size
(Font)              <14.4> on input line 18.
LaTeX Font Info:    External font `cmex10' loaded for size
(Font)              <7> on input line 18.


LaTeX Warning: No \author given.

[1

{/var/lib/texmf/fonts/map/pdftex/updmap/pdftex.map}]
LaTeX Font Info:    External font `cmex10' loaded for size
(Font)              <12> on input line 47.
LaTeX Font Info:    External font `cmex10' loaded for size
(Font)              <8> on input line 47.
LaTeX Font Info:    External font `cmex10' loaded for size
(Font)              <6> on input line 47.
 [2]
<corr/rho-ILD----metrics-vs-PFT----Whole-Lung-Expiration.png, id=11, 449.5194pt
 x 337.26pt>
File: corr/rho-ILD----metrics-vs-PFT----Whole-Lung-Expiration.png Graphic file 
(type png)
 <use corr/rho-ILD----metrics-vs-PFT----Whole-Lung-Expiration.png>
<corr/p-ILD----metrics-vs-PFT----Whole-Lung-Expiration.png, id=12, 813.7602pt x
 630.1944pt>
File: corr/p-ILD----metrics-vs-PFT----Whole-Lung-Expiration.png Graphic file (t
ype png)
 <use corr/p-ILD----metrics-vs-PFT----Whole-Lung-Expiration.png>
<corr/rho-ILD----metrics-vs-PFT----Whole-Lung-Inspiration.png, id=13, 812.7966p
t x 630.1944pt>
File: corr/rho-ILD----metrics-vs-PFT----Whole-Lung-Inspiration.png Graphic file
 (type png)

<use corr/rho-ILD----metrics-vs-PFT----Whole-Lung-Inspiration.png>
<corr/p-ILD----metrics-vs-PFT----Whole-Lung-Inspiration.png, id=14, 813.7602pt 
x 630.1944pt>
File: corr/p-ILD----metrics-vs-PFT----Whole-Lung-Inspiration.png Graphic file (
type png)
 <use corr/p-ILD----metrics-vs-PFT----Whole-Lung-Inspiration.png>
<corr/rho-ILD----metrics-vs-PFT----Whole-Lung-Inspiration-minus-Expiration.png,
 id=15, 812.7966pt x 630.1944pt>
File: corr/rho-ILD----metrics-vs-PFT----Whole-Lung-Inspiration-minus-Expiration
.png Graphic file (type png)

<use corr/rho-ILD----metrics-vs-PFT----Whole-Lung-Inspiration-minus-Expiration.
png>
<corr/p-ILD----metrics-vs-PFT----Whole-Lung-Inspiration-minus-Expiration.png, i
d=16, 813.7602pt x 630.1944pt>
File: corr/p-ILD----metrics-vs-PFT----Whole-Lung-Inspiration-minus-Expiration.p
ng Graphic file (type png)

<use corr/p-ILD----metrics-vs-PFT----Whole-Lung-Inspiration-minus-Expiration.pn
g>
<corr/rho-ILD----metrics-vs-PFT----Whole-Lung-Registration.png, id=17, 812.7966
pt x 630.1944pt>
File: corr/rho-ILD----metrics-vs-PFT----Whole-Lung-Registration.png Graphic fil
e (type png)

<use corr/rho-ILD----metrics-vs-PFT----Whole-Lung-Registration.png>
<corr/p-ILD----metrics-vs-PFT----Whole-Lung-Registration.png, id=18, 813.7602pt
 x 630.1944pt>
File: corr/p-ILD----metrics-vs-PFT----Whole-Lung-Registration.png Graphic file 
(type png)

<use corr/p-ILD----metrics-vs-PFT----Whole-Lung-Registration.png> [3 <./corr/rh
o-ILD----metrics-vs-PFT----Whole-Lung-Expiration.png (PNG copy)>] [4 <./corr/p-
ILD----metrics-vs-PFT----Whole-Lung-Expiration.png (PNG copy)>] [5 <./corr/rho-
ILD----metrics-vs-PFT----Whole-Lung-Inspiration.png (PNG copy)>] [6 <./corr/p-I
LD----metrics-vs-PFT----Whole-Lung-Inspiration.png (PNG copy)>] [7 <./corr/rho-
ILD----metrics-vs-PFT----Whole-Lung-Inspiration-minus-Expiration.png (PNG copy)
>] [8 <./corr/p-ILD----metrics-vs-PFT----Whole-Lung-Inspiration-minus-Expiratio
n.png (PNG copy)>] [9 <./corr/rho-ILD----metrics-vs-PFT----Whole-Lung-Registrat
ion.png (PNG copy)>] [10 <./corr/p-ILD----metrics-vs-PFT----Whole-Lung-Registra
tion.png (PNG copy)>]
<corr/rho-COPD----metrics-vs-PFT----Whole-Lung-Expiration.png, id=44, 812.7966p
t x 630.1944pt>
File: corr/rho-COPD----metrics-vs-PFT----Whole-Lung-Expiration.png Graphic file
 (type png)

<use corr/rho-COPD----metrics-vs-PFT----Whole-Lung-Expiration.png>
<corr/p-COPD----metrics-vs-PFT----Whole-Lung-Expiration.png, id=45, 813.7602pt 
x 630.1944pt>
File: corr/p-COPD----metrics-vs-PFT----Whole-Lung-Expiration.png Graphic file (
type png)
 <use corr/p-COPD----metrics-vs-PFT----Whole-Lung-Expiration.png>
<corr/rho-COPD----metrics-vs-PFT----Whole-Lung-Inspiration.png, id=46, 812.7966
pt x 630.1944pt>
File: corr/rho-COPD----metrics-vs-PFT----Whole-Lung-Inspiration.png Graphic fil
e (type png)

<use corr/rho-COPD----metrics-vs-PFT----Whole-Lung-Inspiration.png>
<corr/p-COPD----metrics-vs-PFT----Whole-Lung-Inspiration.png, id=47, 813.7602pt
 x 630.1944pt>
File: corr/p-COPD----metrics-vs-PFT----Whole-Lung-Inspiration.png Graphic file 
(type png)

<use corr/p-COPD----metrics-vs-PFT----Whole-Lung-Inspiration.png>
<corr/rho-COPD----metrics-vs-PFT----Whole-Lung-Inspiration-minus-Expiration.png
, id=48, 812.7966pt x 630.1944pt>
File: corr/rho-COPD----metrics-vs-PFT----Whole-Lung-Inspiration-minus-Expiratio
n.png Graphic file (type png)

<use corr/rho-COPD----metrics-vs-PFT----Whole-Lung-Inspiration-minus-Expiration
.png>
<corr/p-COPD----metrics-vs-PFT----Whole-Lung-Inspiration-minus-Expiration.png, 
id=49, 813.7602pt x 630.1944pt>
File: corr/p-COPD----metrics-vs-PFT----Whole-Lung-Inspiration-minus-Expiration.
png Graphic file (type png)

<use corr/p-COPD----metrics-vs-PFT----Whole-Lung-Inspiration-minus-Expiration.p
ng>
<corr/rho-COPD----metrics-vs-PFT----Whole-Lung-Registration.png, id=50, 812.796
6pt x 630.1944pt>
File: corr/rho-COPD----metrics-vs-PFT----Whole-Lung-Registration.png Graphic fi
le (type png)

<use corr/rho-COPD----metrics-vs-PFT----Whole-Lung-Registration.png>
<corr/p-COPD----metrics-vs-PFT----Whole-Lung-Registration.png, id=51, 813.7602p
t x 630.1944pt>
File: corr/p-COPD----metrics-vs-PFT----Whole-Lung-Registration.png Graphic file
 (type png)

<use corr/p-COPD----metrics-vs-PFT----Whole-Lung-Registration.png> [11 <./corr/
rho-COPD----metrics-vs-PFT----Whole-Lung-Expiration.png (PNG copy)>] [12 <./cor
r/p-COPD----metrics-vs-PFT----Whole-Lung-Expiration.png (PNG copy)>] [13 <./cor
r/rho-COPD----metrics-vs-PFT----Whole-Lung-Inspiration.png (PNG copy)>]
[14 <./corr/p-COPD----metrics-vs-PFT----Whole-Lung-Inspiration.png (PNG copy)>]
[15 <./corr/rho-COPD----metrics-vs-PFT----Whole-Lung-Inspiration-minus-Expirati
on.png (PNG copy)>] [16 <./corr/p-COPD----metrics-vs-PFT----Whole-Lung-Inspirat
ion-minus-Expiration.png (PNG copy)>] [17 <./corr/rho-COPD----metrics-vs-PFT---
-Whole-Lung-Registration.png (PNG copy)>] [18 <./corr/p-COPD----metrics-vs-PFT-
---Whole-Lung-Registration.png (PNG copy)>]
<corr/rho-ILD----PFT-vs-PFT.png, id=77, 812.7966pt x 630.1944pt>
File: corr/rho-ILD----PFT-vs-PFT.png Graphic file (type png)

<use corr/rho-ILD----PFT-vs-PFT.png>
<corr/p-ILD----PFT-vs-PFT.png, id=78, 813.7602pt x 630.1944pt>
File: corr/p-ILD----PFT-vs-PFT.png Graphic file (type png)

<use corr/p-ILD----PFT-vs-PFT.png>
<corr/rho-COPD----PFT-vs-PFT.png, id=79, 812.7966pt x 630.1944pt>
File: corr/rho-COPD----PFT-vs-PFT.png Graphic file (type png)

<use corr/rho-COPD----PFT-vs-PFT.png>
<corr/p-COPD----PFT-vs-PFT.png, id=80, 813.7602pt x 630.1944pt>
File: corr/p-COPD----PFT-vs-PFT.png Graphic file (type png)

<use corr/p-COPD----PFT-vs-PFT.png>
<corr/rho-ILD----metrics-vs-metrics----Whole-Lung-Expiration.png, id=81, 812.79
66pt x 630.1944pt>
File: corr/rho-ILD----metrics-vs-metrics----Whole-Lung-Expiration.png Graphic f
ile (type png)

<use corr/rho-ILD----metrics-vs-metrics----Whole-Lung-Expiration.png>
<corr/p-ILD----metrics-vs-metrics----Whole-Lung-Expiration.png, id=82, 813.7602
pt x 630.1944pt>
File: corr/p-ILD----metrics-vs-metrics----Whole-Lung-Expiration.png Graphic fil
e (type png)

<use corr/p-ILD----metrics-vs-metrics----Whole-Lung-Expiration.png>
<corr/rho-ILD----metrics-vs-metrics----Whole-Lung-Inspiration.png, id=83, 812.7
966pt x 630.1944pt>
File: corr/rho-ILD----metrics-vs-metrics----Whole-Lung-Inspiration.png Graphic 
file (type png)

<use corr/rho-ILD----metrics-vs-metrics----Whole-Lung-Inspiration.png>
<corr/p-ILD----metrics-vs-metrics----Whole-Lung-Inspiration.png, id=84, 813.760
2pt x 630.1944pt>
File: corr/p-ILD----metrics-vs-metrics----Whole-Lung-Inspiration.png Graphic fi
le (type png)

<use corr/p-ILD----metrics-vs-metrics----Whole-Lung-Inspiration.png>
<corr/rho-ILD----metrics-vs-metrics----Whole-Lung-Inspiration-minus-Expiration.
png, id=85, 812.7966pt x 630.1944pt>
File: corr/rho-ILD----metrics-vs-metrics----Whole-Lung-Inspiration-minus-Expira
tion.png Graphic file (type png)

<use corr/rho-ILD----metrics-vs-metrics----Whole-Lung-Inspiration-minus-Expirat
ion.png>
<corr/p-ILD----metrics-vs-metrics----Whole-Lung-Inspiration-minus-Expiration.pn
g, id=86, 813.7602pt x 630.1944pt>
File: corr/p-ILD----metrics-vs-metrics----Whole-Lung-Inspiration-minus-Expirati
on.png Graphic file (type png)

<use corr/p-ILD----metrics-vs-metrics----Whole-Lung-Inspiration-minus-Expiratio
n.png>
<corr/rho-ILD----metrics-vs-metrics----Whole-Lung-Registration.png, id=87, 812.
7966pt x 630.1944pt>
File: corr/rho-ILD----metrics-vs-metrics----Whole-Lung-Registration.png Graphic
 file (type png)

<use corr/rho-ILD----metrics-vs-metrics----Whole-Lung-Registration.png>
<corr/p-ILD----metrics-vs-metrics----Whole-Lung-Registration.png, id=88, 813.76
02pt x 630.1944pt>
File: corr/p-ILD----metrics-vs-metrics----Whole-Lung-Registration.png Graphic f
ile (type png)

<use corr/p-ILD----metrics-vs-metrics----Whole-Lung-Registration.png> [19 <./co
rr/rho-ILD----PFT-vs-PFT.png (PNG copy)>] [20 <./corr/p-ILD----PFT-vs-PFT.png (
PNG copy)>] [21 <./corr/rho-COPD----PFT-vs-PFT.png (PNG copy)>] [22 <./corr/p-C
OPD----PFT-vs-PFT.png (PNG copy)>] [23 <./corr/rho-ILD----metrics-vs-metrics---
-Whole-Lung-Expiration.png (PNG copy)>] [24 <./corr/p-ILD----metrics-vs-metrics
----Whole-Lung-Expiration.png (PNG copy)>] [25 <./corr/rho-ILD----metrics-vs-me
trics----Whole-Lung-Inspiration.png (PNG copy)>] [26 <./corr/p-ILD----metrics-v
s-metrics----Whole-Lung-Inspiration.png (PNG copy)>] [27 <./corr/rho-ILD----met
rics-vs-metrics----Whole-Lung-Inspiration-minus-Expiration.png (PNG copy)>]
[28 <./corr/p-ILD----metrics-vs-metrics----Whole-Lung-Inspiration-minus-Expirat
ion.png (PNG copy)>] [29 <./corr/rho-ILD----metrics-vs-metrics----Whole-Lung-Re
gistration.png (PNG copy)>] [30 <./corr/p-ILD----metrics-vs-metrics----Whole-Lu
ng-Registration.png (PNG copy)>]
<corr/rho-COPD----metrics-vs-metrics----Whole-Lung-Expiration.png, id=127, 812.
7966pt x 630.1944pt>
File: corr/rho-COPD----metrics-vs-metrics----Whole-Lung-Expiration.png Graphic 
file (type png)

<use corr/rho-COPD----metrics-vs-metrics----Whole-Lung-Expiration.png>
<corr/p-COPD----metrics-vs-metrics----Whole-Lung-Expiration.png, id=128, 813.76
02pt x 630.1944pt>
File: corr/p-COPD----metrics-vs-metrics----Whole-Lung-Expiration.png Graphic fi
le (type png)

<use corr/p-COPD----metrics-vs-metrics----Whole-Lung-Expiration.png>
<corr/rho-COPD----metrics-vs-metrics----Whole-Lung-Inspiration.png, id=129, 812
.7966pt x 630.1944pt>
File: corr/rho-COPD----metrics-vs-metrics----Whole-Lung-Inspiration.png Graphic
 file (type png)

<use corr/rho-COPD----metrics-vs-metrics----Whole-Lung-Inspiration.png>
<corr/p-COPD----metrics-vs-metrics----Whole-Lung-Inspiration.png, id=130, 813.7
602pt x 630.1944pt>
File: corr/p-COPD----metrics-vs-metrics----Whole-Lung-Inspiration.png Graphic f
ile (type png)

<use corr/p-COPD----metrics-vs-metrics----Whole-Lung-Inspiration.png>
<corr/rho-COPD----metrics-vs-metrics----Whole-Lung-Inspiration-minus-Expiration
.png, id=131, 812.7966pt x 630.1944pt>
File: corr/rho-COPD----metrics-vs-metrics----Whole-Lung-Inspiration-minus-Expir
ation.png Graphic file (type png)

<use corr/rho-COPD----metrics-vs-metrics----Whole-Lung-Inspiration-minus-Expira
tion.png>
<corr/p-COPD----metrics-vs-metrics----Whole-Lung-Inspiration-minus-Expiration.p
ng, id=132, 813.7602pt x 630.1944pt>
File: corr/p-COPD----metrics-vs-metrics----Whole-Lung-Inspiration-minus-Expirat
ion.png Graphic file (type png)

<use corr/p-COPD----metrics-vs-metrics----Whole-Lung-Inspiration-minus-Expirati
on.png>
<corr/rho-COPD----metrics-vs-metrics----Whole-Lung-Registration.png, id=133, 81
2.7966pt x 630.1944pt>
File: corr/rho-COPD----metrics-vs-metrics----Whole-Lung-Registration.png Graphi
c file (type png)

<use corr/rho-COPD----metrics-vs-metrics----Whole-Lung-Registration.png>
<corr/p-COPD----metrics-vs-metrics----Whole-Lung-Registration.png, id=134, 813.
7602pt x 630.1944pt>
File: corr/p-COPD----metrics-vs-metrics----Whole-Lung-Registration.png Graphic 
file (type png)

<use corr/p-COPD----metrics-vs-metrics----Whole-Lung-Registration.png> [31 <./c
orr/rho-COPD----metrics-vs-metrics----Whole-Lung-Expiration.png (PNG copy)>]
[32 <./corr/p-COPD----metrics-vs-metrics----Whole-Lung-Expiration.png (PNG copy
)>] [33 <./corr/rho-COPD----metrics-vs-metrics----Whole-Lung-Inspiration.png (P
NG copy)>] [34 <./corr/p-COPD----metrics-vs-metrics----Whole-Lung-Inspiration.p
ng (PNG copy)>] [35 <./corr/rho-COPD----metrics-vs-metrics----Whole-Lung-Inspir
ation-minus-Expiration.png (PNG copy)>] [36 <./corr/p-COPD----metrics-vs-metric
s----Whole-Lung-Inspiration-minus-Expiration.png (PNG copy)>] [37 <./corr/rho-C
OPD----metrics-vs-metrics----Whole-Lung-Registration.png (PNG copy)>] [38 <./co
rr/p-COPD----metrics-vs-metrics----Whole-Lung-Registration.png (PNG copy)>]
(./corr_analysis.aux) ) 
Here is how much of TeX's memory you used:
 1144 strings out of 95087
 25758 string characters out of 1183278
 64282 words of memory out of 1500000
 4324 multiletter control sequences out of 10000+50000
 7895 words of font info for 28 fonts, out of 1200000 for 2000
 28 hyphenation exceptions out of 8191
 25i,7n,21p,535b,223s stack positions out of 5000i,500n,6000p,200000b,5000s
</usr/share/texmf-texlive/fonts/type1/bluesky/cm/cmbx12.
pfb></usr/share/texmf-texlive/fonts/type1/bluesky/cm/cmr12.pfb></usr/share/texm
f-texlive/fonts/type1/bluesky/cm/cmr17.pfb>
Output written on corr_analysis.pdf (38 pages, 1519688 bytes).
PDF statistics:
 174 PDF objects out of 1000 (max. 8388607)
 0 named destinations out of 1000 (max. 131072)
 181 words of extra memory for PDF output out of 10000 (max. 10000000)

