This is pdfTeXk, Version 3.141592-1.40.3 (Web2C 7.5.6) (format=pdflatex 2008.4.10)  21 DEC 2008 15:35
entering extended mode
 %&-line parsing enabled.
**fordrew.tex
(./fordrew.tex
LaTeX2e <2005/12/01>
Babel <v3.8h> and hyphenation patterns for english, usenglishmax, dumylang, noh
yphenation, loaded.
(/usr/share/texmf-texlive/tex/latex/base/article.cls
Document Class: article 2005/09/16 v1.4f Standard LaTeX document class
(/usr/share/texmf-texlive/tex/latex/base/size12.clo
File: size12.clo 2005/09/16 v1.4f Standard LaTeX file (size option)
)
\c@part=\count79
\c@section=\count80
\c@subsection=\count81
\c@subsubsection=\count82
\c@paragraph=\count83
\c@subparagraph=\count84
\c@figure=\count85
\c@table=\count86
\abovecaptionskip=\skip41
\belowcaptionskip=\skip42
\bibindent=\dimen102
)
(/usr/share/texmf-texlive/tex/latex/geometry/geometry.sty
Package: geometry 2002/07/08 v3.2 Page Geometry

(/usr/share/texmf-texlive/tex/latex/graphics/keyval.sty
Package: keyval 1999/03/16 v1.13 key=value parser (DPC)
\KV@toks@=\toks14
)
\Gm@cnth=\count87
\Gm@cntv=\count88
\c@Gm@tempcnt=\count89
\Gm@bindingoffset=\dimen103
\Gm@wd@mp=\dimen104
\Gm@odd@mp=\dimen105
\Gm@even@mp=\dimen106
\Gm@dimlist=\toks15
)
(/usr/share/texmf-texlive/tex/latex/graphics/graphicx.sty
Package: graphicx 1999/02/16 v1.0f Enhanced LaTeX Graphics (DPC,SPQR)

(/usr/share/texmf-texlive/tex/latex/graphics/graphics.sty
Package: graphics 2006/02/20 v1.0o Standard LaTeX Graphics (DPC,SPQR)

(/usr/share/texmf-texlive/tex/latex/graphics/trig.sty
Package: trig 1999/03/16 v1.09 sin cos tan (DPC)
)
(/etc/texmf/tex/latex/config/graphics.cfg
File: graphics.cfg 2007/01/18 v1.5 graphics configuration of teTeX/TeXLive
)
Package graphics Info: Driver file: pdftex.def on input line 90.

(/usr/share/texmf-texlive/tex/latex/pdftex-def/pdftex.def
File: pdftex.def 2007/01/08 v0.04d Graphics/color for pdfTeX
\Gread@gobject=\count90
))
\Gin@req@height=\dimen107
\Gin@req@width=\dimen108
) (./fordrew.aux)
\openout1 = `fordrew.aux'.

LaTeX Font Info:    Checking defaults for OML/cmm/m/it on input line 15.
LaTeX Font Info:    ... okay on input line 15.
LaTeX Font Info:    Checking defaults for T1/cmr/m/n on input line 15.
LaTeX Font Info:    ... okay on input line 15.
LaTeX Font Info:    Checking defaults for OT1/cmr/m/n on input line 15.
LaTeX Font Info:    ... okay on input line 15.
LaTeX Font Info:    Checking defaults for OMS/cmsy/m/n on input line 15.
LaTeX Font Info:    ... okay on input line 15.
LaTeX Font Info:    Checking defaults for OMX/cmex/m/n on input line 15.
LaTeX Font Info:    ... okay on input line 15.
LaTeX Font Info:    Checking defaults for U/cmr/m/n on input line 15.
LaTeX Font Info:    ... okay on input line 15.
-------------------- Geometry parameters
paper: letterpaper
landscape: true
twocolumn: --
twoside: --
asymmetric: --
h-parts: 119.2467pt, 0.7\paperwidth , 119.24672pt (default)
v-parts: 73.71613pt, 0.7\paperheight , 110.57425pt (default)
hmarginratio: 1:1
vmarginratio: 2:3
lines: --
heightrounded: --
bindingoffset: 0.0pt
truedimen: --
includehead: --
includefoot: --
includemp: --
driver: pdftex
-------------------- Page layout dimensions and switches
\paperwidth  794.96999pt
\paperheight 614.295pt
\textwidth  556.47656pt
\textheight 469.75499pt
\oddsidemargin  46.97672pt
\evensidemargin 46.97672pt
\topmargin  -35.55386pt
\headheight 12.0pt
\headsep    25.0pt
\footskip   30.0pt
\marginparwidth 44.0pt
\marginparsep   10.0pt
\columnsep  10.0pt
\skip\footins  10.8pt plus 4.0pt minus 2.0pt
\hoffset 0.0pt
\voffset 0.0pt
\mag 1000

(1in=72.27pt, 1cm=28.45pt)
-----------------------
LaTeX Font Info:    External font `cmex10' loaded for size
(Font)              <14.4> on input line 17.
LaTeX Font Info:    External font `cmex10' loaded for size
(Font)              <7> on input line 17.


LaTeX Warning: No \author given.

<rho_whole_exp.png, id=1, 806.212pt x 542.828pt>
File: rho_whole_exp.png Graphic file (type png)
 <use rho_whole_exp.png>

LaTeX Warning: Float too large for page by 0.12607pt on input line 55.

<p_whole_exp.png, id=2, 806.212pt x 542.025pt>
File: p_whole_exp.png Graphic file (type png)
 <use p_whole_exp.png>
LaTeX Font Info:    External font `cmex10' loaded for size
(Font)              <12> on input line 60.
LaTeX Font Info:    External font `cmex10' loaded for size
(Font)              <8> on input line 60.
LaTeX Font Info:    External font `cmex10' loaded for size
(Font)              <6> on input line 60.


LaTeX Warning: Float too large for page by 0.12607pt on input line 61.

<rho_whole_insp.png, id=3, 806.212pt x 542.828pt>
File: rho_whole_insp.png Graphic file (type png)
 <use rho_whole_insp.png>

LaTeX Warning: Float too large for page by 0.12607pt on input line 67.

<p_whole_insp.png, id=4, 806.212pt x 542.025pt>
File: p_whole_insp.png Graphic file (type png)
 <use p_whole_insp.png>

LaTeX Warning: Float too large for page by 0.12607pt on input line 73.

<rho_whole.png, id=5, 806.212pt x 542.828pt>
File: rho_whole.png Graphic file (type png)
 <use rho_whole.png>

LaTeX Warning: Float too large for page by 0.12607pt on input line 79.

<p_whole.png, id=6, 806.212pt x 542.025pt>
File: p_whole.png Graphic file (type png)
 <use p_whole.png>

LaTeX Warning: Float too large for page by 0.12607pt on input line 85.

<volume.png, id=7, 595.826pt x 509.905pt>
File: volume.png Graphic file (type png)
 <use volume.png>
<rho_jac.png, id=8, 806.212pt x 542.828pt>
File: rho_jac.png Graphic file (type png)
 <use rho_jac.png>

LaTeX Warning: Float too large for page by 12.29276pt on input line 97.

<p_jac.png, id=9, 806.212pt x 542.025pt>
File: p_jac.png Graphic file (type png)
 <use p_jac.png>

LaTeX Warning: Float too large for page by 12.29276pt on input line 103.

<rho_self.png, id=10, 806.212pt x 542.828pt>
File: rho_self.png Graphic file (type png)
 <use rho_self.png>

LaTeX Warning: Float too large for page by 0.12607pt on input line 109.

<p_self.png, id=11, 806.212pt x 542.025pt>
File: p_self.png Graphic file (type png)
 <use p_self.png>

LaTeX Warning: Float too large for page by 0.12607pt on input line 115.

[1

{/var/lib/texmf/fonts/map/pdftex/updmap/pdftex.map}] [2 <./rho_whole_exp.png (P
NG copy)>] [3 <./p_whole_exp.png (PNG copy)>] [4 <./rho_whole_insp.png (PNG cop
y)>] [5 <./p_whole_insp.png (PNG copy)>] [6 <./rho_whole.png (PNG copy)>]
[7 <./p_whole.png (PNG copy)>] [8 <./volume.png (PNG copy)>] [9 <./rho_jac.png 
(PNG copy)>] [10 <./p_jac.png (PNG copy)>] [11 <./rho_self.png (PNG copy)>]
[12 <./p_self.png (PNG copy)>] (./fordrew.aux) ) 
Here is how much of TeX's memory you used:
 961 strings out of 95086
 12559 string characters out of 1183255
 64282 words of memory out of 1500000
 4172 multiletter control sequences out of 10000+50000
 7588 words of font info for 27 fonts, out of 1200000 for 2000
 28 hyphenation exceptions out of 8191
 25i,6n,21p,221b,227s stack positions out of 5000i,500n,6000p,200000b,5000s
</usr/share/texmf-texlive/fonts
/type1/bluesky/cm/cmmi12.pfb></usr/share/texmf-texlive/fonts/type1/bluesky/cm/c
mr12.pfb></usr/share/texmf-texlive/fonts/type1/bluesky/cm/cmr17.pfb>
Output written on fordrew.pdf (12 pages, 196375 bytes).
PDF statistics:
 64 PDF objects out of 1000 (max. 8388607)
 0 named destinations out of 1000 (max. 131072)
 56 words of extra memory for PDF output out of 10000 (max. 10000000)

